<?xml version="1.0" encoding="UTF-8"?>
<!-- Generated by org.testng.reporters.JUnitReportReporter -->
<testsuite hostname="Lenovo" failures="0" tests="1" name="TestDrive.Roundtriptest" time="35.722" errors="0" timestamp="2023-03-08T13:16:18 IST" skipped="0">
  <testcase classname="TestDrive.Roundtriptest" name="RoundTrip" time="35.722"/>
  <system-out/>
</testsuite> <!-- TestDrive.Roundtriptest -->
