<?xml version="1.0" encoding="UTF-8"?>
<!-- Generated by org.testng.reporters.JUnitReportReporter -->
<testsuite hostname="Lenovo" failures="0" tests="3" name="TestDrive.Validationtest" time="92.655" errors="0" timestamp="2023-03-08T13:16:18 IST" skipped="0">
  <testcase classname="TestDrive.Validationtest" name="ValidationOnElement1" time="32.382"/>
  <system-out/>
  <testcase classname="TestDrive.Validationtest" name="ValidationOnElement2" time="30.396"/>
  <system-out/>
  <testcase classname="TestDrive.Validationtest" name="ValidationOnElement3" time="29.877"/>
  <system-out/>
</testsuite> <!-- TestDrive.Validationtest -->
